Using pre-set license
Built from '2020.3/staging' branch; Version is '2020.3.30f1 (1fb1bf06830e) revision 2077119'; Using compiler version '192528614'; Build Type 'Release'
OS: 'Windows 10  (10.0.19041) 64bit Professional' Language: 'es' Physical Memory: 24471 MB
BatchMode: 1, IsHumanControllingUs: 0, StartBugReporterOnCrash: 0, Is64bit: 1, IsPro: 0

COMMAND LINE ARGUMENTS:
C:\Program Files\Unity\Hub\Editor\2020.3.30f1\Editor\Unity.exe
-adb2
-batchMode
-noUpm
-name
AssetImportWorker0
-projectPath
C:/Users/kakar/Documents/Unity/Snake
-logFile
Logs/AssetImportWorker0.log
-srvPort
62065
Successfully changed project path to: C:/Users/kakar/Documents/Unity/Snake
C:/Users/kakar/Documents/Unity/Snake
Using Asset Import Pipeline V2.
Refreshing native plugins compatible for Editor in 44.54 ms, found 3 plugins.
Preloading 0 native plugins for Editor in 0.00 ms.
Initialize engine version: 2020.3.30f1 (1fb1bf06830e)
[Subsystems] Discovering subsystems at path C:/Program Files/Unity/Hub/Editor/2020.3.30f1/Editor/Data/Resources/UnitySubsystems
[Subsystems] Discovering subsystems at path C:/Users/kakar/Documents/Unity/Snake/Assets
GfxDevice: creating device client; threaded=0
Direct3D:
    Version:  Direct3D 11.0 [level 11.1]
    Renderer: NVIDIA GeForce GTX 1060 6GB (ID=0x1b83)
    Vendor:   
    VRAM:     6052 MB
    Driver:   30.0.14.9613
Initialize mono
Mono path[0] = 'C:/Program Files/Unity/Hub/Editor/2020.3.30f1/Editor/Data/Managed'
Mono path[1] = 'C:/Program Files/Unity/Hub/Editor/2020.3.30f1/Editor/Data/MonoBleedingEdge/lib/mono/unityjit'
Mono config path = 'C:/Program Files/Unity/Hub/Editor/2020.3.30f1/Editor/Data/MonoBleedingEdge/etc'
Using monoOptions --debugger-agent=transport=dt_socket,embedding=1,server=y,suspend=n,address=127.0.0.1:56924
Begin MonoManager ReloadAssembly
Registering precompiled unity dll's ...
Register platform support module: C:/Program Files/Unity/Hub/Editor/2020.3.30f1/Editor/Data/PlaybackEngines/WebGLSupport/UnityEditor.WebGL.Extensions.dll
Register platform support module: C:/Program Files/Unity/Hub/Editor/2020.3.30f1/Editor/Data/PlaybackEngines/WindowsStandaloneSupport/UnityEditor.WindowsStandalone.Extensions.dll
Registered in 0.002097 seconds.
Native extension for WindowsStandalone target not found
Native extension for WebGL target not found
Refreshing native plugins compatible for Editor in 40.93 ms, found 3 plugins.
Preloading 0 native plugins for Editor in 0.00 ms.
Mono: successfully reloaded assembly
- Completed reload, in  0.453 seconds
Domain Reload Profiling:
	ReloadAssembly (453ms)
		BeginReloadAssembly (53ms)
			ExecutionOrderSort (0ms)
			DisableScriptedObjects (0ms)
			BackupInstance (0ms)
			ReleaseScriptingObjects (0ms)
			CreateAndSetChildDomain (1ms)
		EndReloadAssembly (345ms)
			LoadAssemblies (51ms)
			RebuildTransferFunctionScriptingTraits (0ms)
			SetupTypeCache (104ms)
			ReleaseScriptCaches (0ms)
			RebuildScriptCaches (23ms)
			SetupLoadedEditorAssemblies (141ms)
				LogAssemblyErrors (0ms)
				InitializePlatformSupportModulesInManaged (4ms)
				SetLoadedEditorAssemblies (0ms)
				RefreshPlugins (41ms)
				BeforeProcessingInitializeOnLoad (10ms)
				ProcessInitializeOnLoadAttributes (64ms)
				ProcessInitializeOnLoadMethodAttributes (22ms)
				AfterProcessingInitializeOnLoad (0ms)
				EditorAssembliesLoaded (0ms)
			ExecutionOrderSort2 (0ms)
			AwakeInstancesAfterBackupRestoration (0ms)
Platform modules already initialized, skipping
Registering precompiled user dll's ...
Registered in 0.002734 seconds.
Begin MonoManager ReloadAssembly
Native extension for WindowsStandalone target not found
Native extension for WebGL target not found
Refreshing native plugins compatible for Editor in 42.47 ms, found 3 plugins.
Preloading 0 native plugins for Editor in 0.00 ms.
Mono: successfully reloaded assembly
- Completed reload, in  0.884 seconds
Domain Reload Profiling:
	ReloadAssembly (884ms)
		BeginReloadAssembly (110ms)
			ExecutionOrderSort (0ms)
			DisableScriptedObjects (4ms)
			BackupInstance (0ms)
			ReleaseScriptingObjects (0ms)
			CreateAndSetChildDomain (14ms)
		EndReloadAssembly (725ms)
			LoadAssemblies (76ms)
			RebuildTransferFunctionScriptingTraits (0ms)
			SetupTypeCache (217ms)
			ReleaseScriptCaches (0ms)
			RebuildScriptCaches (35ms)
			SetupLoadedEditorAssemblies (321ms)
				LogAssemblyErrors (0ms)
				InitializePlatformSupportModulesInManaged (4ms)
				SetLoadedEditorAssemblies (0ms)
				RefreshPlugins (43ms)
				BeforeProcessingInitializeOnLoad (68ms)
				ProcessInitializeOnLoadAttributes (186ms)
				ProcessInitializeOnLoadMethodAttributes (14ms)
				AfterProcessingInitializeOnLoad (6ms)
				EditorAssembliesLoaded (0ms)
			ExecutionOrderSort2 (0ms)
			AwakeInstancesAfterBackupRestoration (5ms)
Platform modules already initialized, skipping
========================================================================
Worker process is ready to serve import requests
Launched and connected shader compiler UnityShaderCompiler.exe after 0.04 seconds
Refreshing native plugins compatible for Editor in 0.45 ms, found 3 plugins.
Preloading 0 native plugins for Editor in 0.00 ms.
Unloading 2588 Unused Serialized files (Serialized files now loaded: 0)
System memory in use before: 124.3 MB.
System memory in use after: 124.5 MB.

Unloading 28 unused Assets to reduce memory usage. Loaded Objects now: 3040.
Total: 2.376500 ms (FindLiveObjects: 0.141600 ms CreateObjectMapping: 0.072000 ms MarkObjects: 2.103700 ms  DeleteObjects: 0.057700 ms)

AssetImportParameters requested are different than current active one (requested -> active):
  custom:framework-win-MediaFoundation: 216162199b28c13a410421893ffa2e32 -> 
  custom:video-decoder-ogg-theora: a1e56fd34408186e4bbccfd4996cb3dc -> 
  custom:container-muxer-webm: aa71ff27fc2769a1b78a27578f13a17b -> 
  custom:container-demuxer-webm: 4f35f7cbe854078d1ac9338744f61a02 -> 
  custom:container-demuxer-ogg: 62fdf1f143b41e24485cea50d1cbac27 -> 
  custom:video-encoder-webm-vp8: eb34c28f22e8b96e1ab97ce403110664 -> 
  custom:video-decoder-webm-vp8: 9c59270c3fd7afecdb556c50c9e8de78 -> 
  custom:audio-decoder-ogg-vorbis: bf7c407c2cedff20999df2af8eb42d56 -> 
  custom:audio-encoder-webm-vorbis: bf7c407c2cedff20999df2af8eb42d56 -> 
========================================================================
Received Import Request.
  path: Assets/Sprites/Arrow.png
  artifactKey: Guid(2a4f4a793bcb6af41a61530bd0a50e3e) Importer(815301076,1909f56bfc062723c751e8b465ee728b)
Start importing Assets/Sprites/Arrow.png using Guid(2a4f4a793bcb6af41a61530bd0a50e3e) Importer(815301076,1909f56bfc062723c751e8b465ee728b)  -> (artifact id: 'ee0e7c65898cb9c78a022795f2fc8d04') in 0.093412 seconds 
========================================================================
Received Import Request.
  Time since last request: 0.000158 seconds.
  path: Assets/Sprites/Flecha.png
  artifactKey: Guid(11bb5826cba4752429a2510a7f25e412) Importer(815301076,1909f56bfc062723c751e8b465ee728b)
Start importing Assets/Sprites/Flecha.png using Guid(11bb5826cba4752429a2510a7f25e412) Importer(815301076,1909f56bfc062723c751e8b465ee728b)  -> (artifact id: '489f5bb9824069f3f85dbe9269031bd9') in 0.012767 seconds 
========================================================================
Received Import Request.
  Time since last request: 8.335292 seconds.
  path: Assets/Sprites/Icon.png
  artifactKey: Guid(6f5ea21fb84e57b43a7921593f9f54db) Importer(815301076,1909f56bfc062723c751e8b465ee728b)
Start importing Assets/Sprites/Icon.png using Guid(6f5ea21fb84e57b43a7921593f9f54db) Importer(815301076,1909f56bfc062723c751e8b465ee728b)  -> (artifact id: '2defe90d6cd832c5eb15173364e8d78a') in 0.017196 seconds 
========================================================================
Received Import Request.
  Time since last request: 444.117367 seconds.
  path: Assets/Sprites/Credits.png
  artifactKey: Guid(b0daabdeaa2977a4e9404b753a808c3b) Importer(815301076,1909f56bfc062723c751e8b465ee728b)
Start importing Assets/Sprites/Credits.png using Guid(b0daabdeaa2977a4e9404b753a808c3b) Importer(815301076,1909f56bfc062723c751e8b465ee728b)  -> (artifact id: '5074004a2ffcb0e258a66ef2f6ca3e9b') in 0.034840 seconds 
========================================================================
Received Import Request.
  Time since last request: 51.235610 seconds.
  path: Assets/Sprites/Credits.png
  artifactKey: Guid(b0daabdeaa2977a4e9404b753a808c3b) Importer(815301076,1909f56bfc062723c751e8b465ee728b)
Start importing Assets/Sprites/Credits.png using Guid(b0daabdeaa2977a4e9404b753a808c3b) Importer(815301076,1909f56bfc062723c751e8b465ee728b)  -> (artifact id: '642700d71d409a94cd17eed8b0d044b4') in 0.008692 seconds 
========================================================================
Received Import Request.
  Time since last request: 6.162270 seconds.
  path: Assets/Sprites/Flecha.png
  artifactKey: Guid(11bb5826cba4752429a2510a7f25e412) Importer(815301076,1909f56bfc062723c751e8b465ee728b)
Start importing Assets/Sprites/Flecha.png using Guid(11bb5826cba4752429a2510a7f25e412) Importer(815301076,1909f56bfc062723c751e8b465ee728b)  -> (artifact id: 'e4a44c0607195126c4bf11af96cf2d3b') in 0.007967 seconds 
========================================================================
Received Import Request.
  Time since last request: 0.000705 seconds.
  path: Assets/Sprites/Icon.png
  artifactKey: Guid(6f5ea21fb84e57b43a7921593f9f54db) Importer(815301076,1909f56bfc062723c751e8b465ee728b)
Start importing Assets/Sprites/Icon.png using Guid(6f5ea21fb84e57b43a7921593f9f54db) Importer(815301076,1909f56bfc062723c751e8b465ee728b)  -> (artifact id: '22598a9d569c6810335ca3b1f2aafa91') in 0.010762 seconds 
========================================================================
Received Prepare
Refreshing native plugins compatible for Editor in 2.98 ms, found 3 plugins.
Preloading 0 native plugins for Editor in 0.00 ms.
Unloading 13 Unused Serialized files (Serialized files now loaded: 0)
System memory in use before: 74.7 MB.
System memory in use after: 74.9 MB.

Unloading 13 unused Assets to reduce memory usage. Loaded Objects now: 3052.
Total: 3.060700 ms (FindLiveObjects: 0.142500 ms CreateObjectMapping: 0.066100 ms MarkObjects: 2.833300 ms  DeleteObjects: 0.017900 ms)

AssetImportParameters requested are different than current active one (requested -> active):
  custom:framework-win-MediaFoundation: 216162199b28c13a410421893ffa2e32 -> 
  custom:video-decoder-ogg-theora: a1e56fd34408186e4bbccfd4996cb3dc -> 
  custom:container-muxer-webm: aa71ff27fc2769a1b78a27578f13a17b -> 
  custom:container-demuxer-webm: 4f35f7cbe854078d1ac9338744f61a02 -> 
  custom:container-demuxer-ogg: 62fdf1f143b41e24485cea50d1cbac27 -> 
  custom:video-encoder-webm-vp8: eb34c28f22e8b96e1ab97ce403110664 -> 
  custom:video-decoder-webm-vp8: 9c59270c3fd7afecdb556c50c9e8de78 -> 
  custom:audio-decoder-ogg-vorbis: bf7c407c2cedff20999df2af8eb42d56 -> 
  custom:audio-encoder-webm-vorbis: bf7c407c2cedff20999df2af8eb42d56 -> 
AssetImportWorkerClient::OnTransportError - code=2 error=End of file
