
=== Fri Mar  4 23:03:23 2022

Packages were changed.
Update Mode: updateDependencies

The following packages were updated:
  com.unity.2d.animation from version 5.0.5 to 5.1.0
  com.unity.2d.psdimporter from version 4.0.2 to 4.2.0
  com.unity.2d.spriteshape from version 5.1.2 to 5.2.0
  com.unity.collab-proxy from version 1.5.7 to 1.15.12
  com.unity.ide.visualstudio from version 2.0.8 to 2.0.14
  com.unity.ide.vscode from version 1.2.3 to 1.2.4
  com.unity.inputsystem from version 1.0.2 to 1.3.0
  com.unity.test-framework from version 1.1.24 to 1.1.29

=== Tue Jan 24 19:26:02 2023

Packages were changed.
Update Mode: updateDependencies

The following packages were updated:
  com.unity.2d.animation from version 5.1.0 to 7.0.8
  com.unity.2d.pixel-perfect from version 4.0.1 to 5.0.1
  com.unity.2d.psdimporter from version 4.2.0 to 6.0.6
  com.unity.2d.spriteshape from version 5.2.0 to 7.0.6
  com.unity.collab-proxy from version 1.15.12 to 1.17.6
  com.unity.ide.rider from version 2.0.7 to 3.0.16
  com.unity.ide.visualstudio from version 2.0.14 to 2.0.16
  com.unity.ide.vscode from version 1.2.4 to 1.2.5
  com.unity.inputsystem from version 1.3.0 to 1.4.4
  com.unity.test-framework from version 1.1.29 to 1.1.31
  com.unity.timeline from version 1.4.8 to 1.6.4
